Case #1: 1 1
Case #2: 2 0
Case #3: 2 0
Case #4: 2 1
Case #5: 2 1
Case #6: 111 0
Case #7: 12 54
Case #8: 9 48
Case #9: 500 0
Case #10: 333 1
Case #11: 500 0
Case #12: 333 1
Case #13: 6 55
Case #14: 6 54
Case #15: 111 3
Case #16: 333 0
Case #17: 333 0
Case #18: 4 52
Case #19: 500 0
Case #20: 333 0
Case #21: 1000 0
Case #22: 13 48
Case #23: 500 0
Case #24: 111 3
Case #25: 1000 0
Case #26: 111 0
Case #27: 32 0
Case #28: 500 0
Case #29: 500 0
Case #30: 5 49
Case #31: 49 54
Case #32: 333 0
Case #33: 333 0
Case #34: 49 1
Case #35: 18 43
Case #36: 4 0
Case #37: 1 999
Case #38: 500 0
Case #39: 8 1
Case #40: 333 0
Case #41: 333 0
Case #42: 6 0
Case #43: 500 0
Case #44: 5 1
Case #45: 58 56
Case #46: 15 0
Case #47: 500 0
Case #48: 333 1
Case #49: 6 55
Case #50: 500 1
Case #51: 111 1
Case #52: 5 56
Case #53: 1 1
Case #54: 333 1
Case #55: 333 0
Case #56: 500 1
Case #57: 6 58
Case #58: 111 1
Case #59: 500 0
Case #60: 32 60
Case #61: 333 1
Case #62: 3 0
Case #63: 500 0
Case #64: 333 1
Case #65: 500 0
Case #66: 1 0
Case #67: 9 52
Case #68: 499 1
Case #69: 13 49
Case #70: 5 1
Case #71: 333 0
Case #72: 333 1
Case #73: 174 0
Case #74: 8 56
Case #75: 500 0
Case #76: 5 1
Case #77: 500 0
Case #78: 19 50
Case #79: 9 0
Case #80: 499 0
Case #81: 143 857
Case #82: 57 53
Case #83: 500 0
Case #84: 333 0
Case #85: 9 49
Case #86: 333 0
Case #87: 517 483
Case #88: 7 1
Case #89: 8 1
Case #90: 3 58
Case #91: 6 1
Case #92: 43 1
Case #93: 19 45
Case #94: 333 0
Case #95: 333 0
Case #96: 34 46
Case #97: 19 1
Case #98: 19 53
Case #99: 500 0
Case #100: 12 1
