Case #1: 1 1
Case #2: 2 0
Case #3: 2 0
Case #4: 168 110
Case #5: 499 1
Case #6: 1 0
Case #7: 167 103
Case #8: 168 100
Case #9: 227 105
Case #10: 500 0
Case #11: 207 108
Case #12: 208 109
Case #13: 500 0
Case #14: 499 1
Case #15: 166 105
Case #16: 237 101
Case #17: 183 0
Case #18: 500 1
Case #19: 209 103
Case #20: 501 499
Case #21: 233 0
Case #22: 205 1
Case #23: 176 108
Case #24: 191 1
Case #25: 512 488
Case #26: 230 104
Case #27: 187 1
Case #28: 185 1
Case #29: 166 105
Case #30: 174 1
Case #31: 184 0
Case #32: 3 0
Case #33: 500 0
Case #34: 194 0
Case #35: 231 0
Case #36: 242 100
Case #37: 180 1
Case #38: 500 0
Case #39: 219 0
Case #40: 503 0
Case #41: 206 100
Case #42: 191 109
Case #43: 184 106
Case #44: 176 1
Case #45: 169 1
Case #46: 247 103
Case #47: 217 109
Case #48: 195 104
Case #49: 1 1
Case #50: 198 1
Case #51: 500 1
Case #52: 241 108
Case #53: 223 107
Case #54: 211 1
Case #55: 2 0
Case #56: 213 0
Case #57: 206 1
Case #58: 500 0
Case #59: 218 102
Case #60: 202 1
Case #61: 220 0
Case #62: 230 105
Case #63: 183 1
Case #64: 240 1
Case #65: 500 0
Case #66: 241 103
Case #67: 500 0
Case #68: 223 1
Case #69: 171 108
Case #70: 168 0
Case #71: 220 0
Case #72: 1000 0
Case #73: 217 102
Case #74: 167 102
Case #75: 219 105
Case #76: 234 106
Case #77: 247 1
Case #78: 217 1
Case #79: 500 0
Case #80: 500 0
Case #81: 500 0
Case #82: 499 1
Case #83: 238 1
Case #84: 210 0
Case #85: 166 100
Case #86: 197 100
Case #87: 206 105
Case #88: 191 108
Case #89: 227 0
Case #90: 187 0
Case #91: 242 108
Case #92: 200 100
Case #93: 225 1
Case #94: 177 110
Case #95: 232 104
Case #96: 180 107
Case #97: 195 101
Case #98: 226 1
Case #99: 500 0
Case #100: 180 104
