750
1
404
370
490 492
536
497
888
416
123 124
189
724
887
559
831
802
196
436
969
509
665 666
100
265
270 271
669
187
550
358
951
570
314
34
433
605
41
716 717
324 327
153 155
753 758
906
180 182
682
254
718
86 88
993 995
200 204
259 262
368 371
565
732
728
413 414
381
873 876
45
168 169
609 612
712
845
87
795 796
644
364
59 61
374
149
532
226 227
910 911
147 150
439
937 940
421
375 376
319
792
342
46 47
22
555
89
486
743
73
309
91 93
990 991
463
297 304
977 979
332
387
430
546
496 498
985 988
28
456
435
268
516
205
428 432
378
241
803
816 817
551
635 636
15 18
849
627
329
347
323
857 858
707
256 257
236 237
217
367
861 862
994
267
739
641
992
668 670
134 137
260
767
867
54 55
986
191 195
50
479
938
996 999
246 248
202
615 617
13
735 737
827
720 721
804
871 872
889
120
360
819
679
238 242
247
577 578
409 410
485
921
203
21
131 133
311
113
287
606
701 703
900
66 67
488
736
38
423
111
899
756
759 760
576
560
691
317
94 95
852
762 763
879 881
896
19
23
567
251
877
823
844
948
936
813 814
261
591
512 513
148
245
451
745
480
604
846 847
963
779
935
216
114 115
208
765 769
719
944
135
853 856
523 524
568 571
328
393
962
460
154
502
70
561
688
434 437
958 960
926
754
298
11
510 511
704
581 582
929 930
972
275
912 915
884 885
181
820
864
426 427
663
870
545 547
178
279
145
649
81
450
618 619
722
504
166
942
228
607 608
281
339 341
556
197
961 965
193
406
210
680
62
588
4
167
686 689
201
863
917
49 51
939
526
834 835
646
610
163 165
263 264
230
139
651 653
40 44
768
473
273 280
645
652
5
860
655
543 544
312
647
500
286
386 388
71 72
239
455 458
315
3
453
572 573
483
818 824
540
121
372 373
136
467
815
353 355
620 622
579 580
855
255
924
219
741
955
695 696
225
836
277
778
78
811
110
780
800 801
468
396
235
840 841
654
549
729
922
791
158 160
48
964
687
975
705 709
390 392
727
613
812
629
109
289 290
749 750
650
285 288
878
369
616
755
648
702
348
17
614
291 295
6 8
517 518
233
141
335 336
330 331
508
539
832 833
444 445
401 402
313
64 65
403 405
947 949
176
382 383
188 190
631 632
690
220
771
80 82
980 981
667
229
138 143
839
63
505
302
161 162
932 934
998
997
192
452 454
16
474 475
746
466 469
476 478
982 984
978
793 794
807
574
747
987
837 838
805 806
77
757
412
272
941 943
425
902 903
9
774 781
422 424
874
859
103
660 661
400
925
569
710 711
723
470 471
575
970
462
583 585
391
438 443
477
826
459 461
923
349
35
159
171 172
740 744
799
557
74
594
126 128
446
68 69
537 542
714 715
92
249 250
274
869
514
484 487
850
354
211
905
179
194
882 883
394 395
173 175
39
786
708
886
214 215
209
706
14
790
825 828
675 676
640
525 527
243 244
907
725
343 344
156 157
112
595 598
893
626
75
142
493
890
628 630
352
761
797 798
457
415 417
919 920
562 563
494 495
292
252 253
43
296
278
299
898 901
785
122
788 789
671
776
303
310 318
624 625
880
657 659
751 752
933
356
334
118 119
506
730
673 674
29
642
976
105 108
531
31 32
891 892
507
206 207
658
528 529
25
602
333
597
738
198 199
125
24
429
326
83
90
662 664
140
98
584
56
305
183 185
184
553 558
398 399
472
692
772
548 552
441
775
638
325
27 30
894 897
345 350
913
481 482
684 685
320
337 338
99 101
677
515
733
945 946
186
554
908
950
407 408
611
681 683
282
223 224
875
240
420
895
10 12
144 146
821
379
389
519
52 53
448
533
742
989
534 535
678
621
520
956 957
564 566
266 269
411
501 503
697 698
586 587
952 953
129 130
693
213
656
258
107
927 928
596
699 700
766
784
866 868
170
359 363
637 643
116 117
132
7
174
96 97
127
365 366
284
316
76 79
84 85
822
843
306 307
541
464 465
983
966
20 26
361
33
294
499
954
346
842
623
397
283
593
232
377
592
106
440
362
808 810
300
218 221
830
177
787
357
351
694
854
601 603
151 152
599 600
959
726 731
42
770 773
384 385
521 522
764
301
782 783
931
971
865
973 974
916 918
276
829
102 104
60
777
308
967 968
530
380
809
672
231 234
164
442
633 634
734
418 419
36 37
489
293
848
340
447 449
222
589 590
914
0 2
321 322
713
57 58
904 909
212
851
639
491
538
748
431
