24 108 0 210 92 263 261 200 166 188 39 40 239 282 27 190 70 101 31 266 215 30 143 94 130
20 216 85 162 58 227 277 29 254 146 236 22 73 118 119 250 67 71 47 229 293
22 167 164 72 246 220 137 74 113 128 174 243 269 6 81 255 292 142 228 126 233 132 183
21 8 299 294 276 107 285 232 96 202 82 50 11 76 25 35 55 182 176 262 123 247
21 54 88 249 159 95 187 63 79 213 14 157 195 89 291 16 78 104 97 178 173 175
18 110 80 127 38 21 284 121 117 23 237 147 131 238 289 120 154 240 49
19 184 296 148 150 198 230 102 3 170 197 42 219 205 252 231 279 135 211 151
18 180 259 136 218 15 129 32 241 214 61 163 48 5 223 112 251 69 153
14 134 56 273 57 204 158 109 140 283 138 264 242 77 208
13 7 75 260 226 91 28 244 295 98 280 155 206 165
12 161 156 224 185 209 207 114 90 51 152 194 84
12 168 144 18 281 68 258 235 201 10 106 272 257
12 133 225 267 245 26 111 199 12 297 186 1 149
8 275 116 13 19 177 248 196 274
7 212 171 160 181 265 145 278
9 105 60 217 271 93 192 59 270 52
5 62 298 45 43 256
5 203 125 46 9 2
4 290 124 115 100
0
2 87 20
0
3 191 287 37
0
3 83 141 189
1 44
2 4 122
1 288
0
0
0
3 193 172 64
0
1 139
1 103
0
0
0
0
1 169
0
0
0
1 41
0
0
0
1 253
0
0
0
0
0
0
0
0
0
0
0
0
0
0
0
0
0
0
0
2 34 268
0
0
0
0
0
0
0
0
0
0
0
0
0
0
0
0
0
0
0
1 99
0
0
4 286 24 53 66
0
0
2 86 17
0
1 222
0
0
0
0
