70 4839 5497 445 4377 9888 2576 6783 2920 9698 769 3572 8382 4665 8736 4742 8484 6123 169 5025 2963 419 1605 3190 2661 9696 9226 5881 2975 4866 2601 4170 2272 4396 9950 7197 5367 485 841 2874 5309 2988 6556 4870 177 4634 8531 8136 2817 6705 7805 6861 8924 7819 8577 8109 8491 4444 5195 9212 5413 1152 6878 5673 781 132 5253 4350 8690 6271 1336
67 3580 4059 606 5299 5113 9393 4885 6780 157 4414 6916 5205 1200 7499 9078 1984 4171 3541 1386 5060 842 1630 9035 2108 5996 6749 739 6987 5473 697 7567 1523 3316 8591 4806 4248 3565 9075 1275 1449 6504 6552 1145 9027 9408 8961 9320 6047 2452 6926 276 4681 2369 4707 9551 1234 9343 9427 4458 6187 366 3724 8255 1019 7976 1210 1207
67 1335 8703 2949 8518 1528 920 6110 9851 3951 1635 3025 1593 9805 7471 3564 3786 5766 4855 1620 2681 2020 4031 7323 2260 8644 6871 671 993 2927 8261 7594 2799 9881 5351 9195 8560 9224 6290 1840 8688 7418 9420 9080 7865 154 3331 591 7339 3761 5337 848 7199 2699 5249 2980 6436 5468 5209 3070 8442 3670 5490 8707 3652 8166 1043 8941
59 303 1138 3444 190 5192 2106 9544 9401 5227 2784 8559 206 956 5406 3958 3196 159 554 2245 3133 64 6316 2641 3646 8823 4749 3851 897 663 2626 3907 9774 997 3843 521 7272 4259 3908 7578 3479 7326 2044 4960 5488 1631 6440 9959 2400 9905 5389 6635 8647 5515 9115 9168 9432 7824 1288 5399
69 8292 4435 6807 9020 2432 5424 1066 4833 6457 19 7965 1609 4910 6338 1530 896 7554 4021 8338 8243 4109 9842 245 8521 9628 7602 646 8984 2829 292 7148 8628 2614 3459 8530 689 4044 9983 1767 357 6609 678 7935 8428 1684 2884 8627 7178 7155 5795 3195 5259 3568 2391 4408 9643 9646 1133 9086 9014 6592 4518 4676 6194 2821 3335 3287 6458 2252
64 3156 1992 2296 7293 677 1438 7475 4894 273 9254 975 6711 109 8112 7572 166 8378 7118 1527 5554 9546 1220 7232 6493 193 1348 9475 6939 1345 4050 6930 6345 2635 1532 370 3141 5565 9902 7231 740 3382 6254 2804 4037 9730 9096 4574 4179 7022 7538 7369 4684 4434 5927 1826 7845 7776 7034 3415 8461 7977 9517 8185 9472
60 4094 7318 1815 7640 1305 9523 88 5510 8557 2603 4980 8219 41 7442 9207 6742 6026 5507 6836 6739 8804 665 8869 6757 3370 2482 6584 5040 4264 7389 3556 1896 385 9132 963 520 6001 4440 6712 1196 1017 1069 6071 5448 228 6508 6328 5585 8639 7473 4462 1792 637 2035 4316 7221 5942 6748 3369 5456
61 5018 7952 3457 6135 945 5744 585 5402 394 6361 6786 8795 6182 6216 3203 9406 6689 2787 4485 8225 4331 5256 5569 1353 3340 6425 5567 3573 5548 9510 1012 3842 9884 5519 2590 7914 9348 7549 8524 6395 7939 8621 121 9261 38 3352 791 1971 4837 5128 8589 9746 927 3040 9241 9589 3383 8392 7238 3522 6934
57 9084 9675 268 3471 9852 6269 3410 6710 519 5716 892 1557 8955 3270 704 1491 4327 9133 9769 5757 7422 2235 5112 6799 6196 6122 1692 8025 2513 6366 232 6030 7750 7169 7738 1886 514 6469 5180 1505 2387 4535 9857 1916 4391 1099 735 1278 3561 7596 5419 7818 9332 1903 1418 5274 2280
57 7429 1209 1664 1492 3236 9305 9691 6695 3546 3616 6307 5089 4056 7428 4959 4585 8698 5535 4966 8062 779 6909 5566 4703 2424 3862 1470 8324 9328 7217 1647 4682 8896 1810 827 8928 2045 1714 8912 9009 3823 3916 5026 2325 5277 4534 7313 540 8183 1798 7074 8168 7955 9937 662 7723 3517
54 8630 8271 6115 8149 8175 3869 4225 32 3411 3817 4706 8425 1441 9685 3770 4867 7117 4546 403 5620 4062 4696 4008 7140 4663 2179 104 552 8926 7656 2956 3401 4890 5200 9655 809 9618 135 4917 4519 5938 1391 2598 9204 642 6496 2719 7822 1901 983 5974 4103 6448 3286
53 7399 5445 3743 7320 1315 530 6404 7975 9974 2465 1054 8059 3047 4143 9511 4895 6280 6579 4888 7463 5082 2390 9710 6574 2395 2386 5702 5360 2892 1996 2640 6905 3127 6776 72 6532 7893 8871 6640 7213 9605 4669 9783 7839 4688 9200 6568 2267 5814 2294 953 142 3458
51 84 4379 1978 4309 2356 9768 117 483 1465 9137 3148 8555 2912 3875 7569 5695 1223 8901 4986 7301 2151 8981 2164 5915 433 6800 8228 2960 6253 3182 5921 7689 8383 5642 5013 9016 3814 2789 404 7545 2394 3854 5956 960 6489 1011 7402 1158 6490 4783 1653
48 1993 3527 3607 2917 3200 5727 1503 8236 2357 9202 4882 7704 2072 1994 6956 9370 5901 5212 5879 2250 9297 4045 1031 2938 1750 9185 8439 3421 4889 7327 4893 7883 1583 3058 2137 5947 3241 4780 7480 2775 9169 5972 3336 2094 5119 4553 9126 299
42 9913 8146 119 7465 8310 1170 615 6329 241 4376 9595 9045 1489 1104 6138 4667 396 8597 9837 5050 8603 1686 701 5183 8511 1370 1039 9825 6906 3037 4487 8092 2396 2067 5319 7981 2046 3093 705 401 3126 1247
47 6654 7070 7229 4437 4307 2278 4601 4346 5719 7188 3057 5866 3249 2930 3157 2972 751 2429 2846 1106 1598 9300 2479 3416 6179 7683 9602 7698 3933 1417 9982 7076 6671 6797 8474 9222 6599 5131 6105 7144 9717 4905 246 2010 9786 2103 8012
48 3988 8329 6456 6901 8024 9627 8133 4935 9164 24 6718 6971 3239 3105 1101 4643 9262 9537 6392 4293 9871 4787 7967 639 4323 2662 8645 531 4903 9416 5007 335 4190 2446 8060 53 5276 8696 7412 7400 9590 9604 5302 6358 2113 2030 2188 4399
43 1178 225 1986 2313 3420 5853 8575 832 6818 9981 7873 9968 2383 9694 1681 7407 399 5323 6629 2688 3912 1053 5765 5261 2434 5061 1567 4543 6095 9074 3460 1116 7469 6334 4522 6992 3002 6317 9217 5735 4916 7257 7281
48 6694 4214 2571 3024 8406 6139 7685 9707 7406 7451 7041 9429 1263 560 3663 3885 4300 2077 5523 9388 9150 6806 4617 2854 3997 3446 5999 8049 7890 9386 4619 373 7925 2588 9149 2189 3628 1728 3357 6598 1497 4067 4075 3734 9955 4160 3929 4923
45 1543 6794 8509 3329 1447 6304 672 6048 6199 7129 8213 8309 2453 741 660 5818 5860 7208 6437 6833 1201 8659 2924 9799 5027 1501 2766 2560 8692 2646 5951 7063 3707 6347 5822 5328 4222 4161 7216 8920 858 3520 6522 2073 4057
44 3253 9216 4184 3103 9003 1372 5086 3129 7243 6485 8681 3418 7548 5213 599 6455 6159 7287 3053 6857 6163 716 2190 8446 6655 3873 7573 8360 1032 1850 2365 5843 63 6754 9340 7026 4456 1607 8859 68 3010 8710 3956 7223
45 8204 5890 9976 3067 3375 2316 8989 5189 381 8118 1257 5069 6893 5289 2399 6519 7525 6900 8960 3124 4085 7849 9327 3930 8403 6171 4155 4211 6628 9995 2317 4102 5940 3683 5568 9446 6546 9936 937 6057 6079 7083 1822 1404 5726
44 222 9581 6150 6656 6296 3197 6466 4233 2511 5713 7263 8637 523 1589 128 4227 2900 3772 2791 9114 1796 4566 8855 4930 8656 8105 851 838 4526 6383 4187 4550 7541 3554 2655 6986 7721 4896 9383 5368 4451 8372 3140 9430
36 700 4679 3542 8075 9623 1580 8826 3606 7266 5803 3672 7812 826 5076 9419 692 1072 8504 253 8318 4740 2095 7838 3260 4081 8479 8834 9181 9597 192 9560 5806 7526 56 7138 1254
43 3333 8978 8351 627 328 5235 9559 7612 9538 439 4969 175 374 1644 7920 1123 4318 9722 1496 3269 8976 8916 7598 4039 4694 2065 9951 5966 2906 7055 3834 8985 5643 6837 8634 3658 4541 8567 6789 8084 2158 2785 1244
48 6044 7928 297 5358 2531 1830 423 9274 9626 9166 9947 8979 5808 8664 4781 6168 4558 8800 1402 4699 3295 8268 658 3474 9012 4878 7949 7608 1179 500 2438 7620 806 890 8533 5283 6374 4946 2833 9063 9371 1841 5591 9323 4813 9201 3346 4393
44 9935 1888 9901 7104 6418 4794 8489 3112 2293 9450 1494 9104 1222 8346 711 7900 3839 2600 6920 1030 9213 2497 5006 4064 621 4360 8289 4933 6733 2674 4313 2705 3577 3878 4943 7639 570 8398 2286 3872 1483 759 5854 2363
35 6952 7913 6843 6809 5783 4642 4195 6615 6002 7894 1355 244 9882 2547 6223 4874 3212 8250 6299 7067 4552 7308 4466 6846 8005 7377 3175 7424 8515 8488 3244 1952 4909 1136 1662
32 8578 8274 4223 2657 3160 5442 3462 3251 3495 2281 1920 6970 7353 824 2041 7542 8074 4571 5421 1063 7486 1070 7905 1337 9 5388 1419 9942 1514 1366 2493 5592
44 5693 4637 9514 3257 61 961 7357 8262 8435 7116 6024 8462 95 3596 9720 5369 6067 9684 4843 4515 4246 8993 5093 3946 9889 1469 4847 3391 2268 8811 1188 1401 3744 3285 602 1665 6050 8076 4216 3518 7382 731 2318 757
39 9412 2519 7141 5948 3840 9325 9087 9610 617 7445 5304 7120 1250 2187 1980 6000 4046 6923 9425 4587 3673 7564 733 9107 3668 7159 7827 496 9091 8145 6195 2616 2193 8997 4188 9808 5051 5587 5150
41 1867 7249 610 8832 6438 2520 1079 3795 4525 8882 9265 5902 5160 1062 1534 728 1294 3083 2958 7081 5411 5074 5558 8252 2420 3353 2607 7449 5422 2199 9802 4581 4598 5204 5455 1696 9308 5685 3026 3115 1293
38 7957 1515 2147 2934 8787 5598 3364 655 7207 802 9165 7580 3866 5769 5009 8617 4266 7321 1870 8889 7726 8562 9870 6219 8544 725 4596 2066 4618 7755 9414 9667 3977 221 5728 6959 6295 2175
39 6765 6265 3555 7190 8671 4958 4544 1910 4260 7792 4130 2393 6450 618 1455 2039 545 4801 3894 6862 3538 358 8003 6497 7505 7715 3582 162 213 3800 9468 6796 1279 3400 4180 4728 1851 9971 7215
30 4829 8713 2543 1897 9116 9106 6888 8990 7236 9361 1828 7474 6719 4816 5651 8807 3521 5271 7908 3674 3706 2807 1270 7431 5073 5609 7151 1127 5270 9390
42 8587 2135 3549 7553 5440 9306 3208 8856 5477 3622 2143 4653 6842 3859 4002 3636 3123 3461 857 5600 6332 6375 4452 7616 3397 4597 4026 2403 7495 7740 9727 407 3695 9994 4633 2024 4731 8386 6844 136 7481 7112
40 4687 7911 9267 3168 8370 8675 2559 3435 629 7576 4875 55 3901 6885 4117 1834 4014 5163 9407 2213 4217 2398 4478 7531 7294 1151 449 7435 9142 123 5251 7269 9434 3983 3920 6637 6045 8467 3128 2210
38 2774 1273 3055 5090 3972 4428 3170 3585 4034 172 2639 8042 506 5356 2304 8212 6982 4297 2996 3483 9816 8833 4512 8930 3913 703 1924 2459 8140 1673 5671 6589 7752 5923 6266 6500 3576 4145
36 3017 1313 5387 3891 3513 9134 3373 5899 9526 4206 1774 715 4555 5957 3799 2228 8545 2062 8419 6996 3339 6036 6486 917 3201 577 1373 4814 1621 5869 4927 4418 1379 8327 8089 1134
38 7329 4848 200 5856 9670 6570 2711 8367 2305 922 8376 501 5777 8134 3009 5305 5451 1045 7570 4739 6162 8030 9853 9506 6785 7107 8977 5165 3348 1669 4860 5355 3604 3162 5832 1643 343 7105
37 2788 7657 4984 3855 4153 9282 1784 248 3807 4167 6839 5990 5043 8814 9795 3450 4369 6308 3299 1911 6167 8466 4304 8649 5641 6082 1678 5594 9715 9248 5645 8305 5613 6867 2490 1938 9311
36 6412 6069 2720 6804 5601 9068 992 9144 7595 1637 6814 9022 1592 1716 2665 4714 8103 3332 6747 5605 508 6704 5278 7961 5681 2388 158 7571 4674 236 5418 8735 3627 796 8454 3000
38 5517 4349 4112 2838 5335 8128 775 4410 6652 1109 1884 3623 6360 3921 8827 9496 8273 112 4276 9234 151 4920 3963 2891 7745 8794 1632 7124 6666 3995 6781 4019 5989 3716 5162 4631 2604 9243
34 400 3371 7430 3849 9466 3276 3384 8176 6356 463 3793 8368 9632 9611 865 9928 8813 3328 2205 3164 4849 8116 7256 5526 429 3144 331 6651 4237 149 6585 7670 6289 1966
38 6822 6724 8342 2735 3005 4761 1097 8085 1349 9926 2738 1272 7156 6587 9139 3436 1667 886 1357 2076 9969 5552 5627 7868 62 9310 1197 3610 7447 3003 2367 6542 7305 2218 2456 5774 5395 9196
38 7198 8699 4080 271 3830 6851 4421 9316 1601 2919 3366 1193 7045 1121 9813 7237 7361 8470 4804 2526 7982 5511 1434 3152 8635 7128 6341 3379 491 8602 5768 4897 1312 4457 6423 3254 304 5798
35 7993 7585 8448 9757 3245 8449 9409 1227 6476 8791 7574 7515 9141 6896 6764 3691 5375 9111 1965 6446 4343 2810 4590 803 3509 5353 3217 810 1291 8574 7748 3932 4606 6453 8677
32 1995 565 9733 9411 8708 7861 372 5636 8434 7209 3789 9859 85 4970 250 6272 5534 4330 544 7306 8362 2757 4382 7652 2733 3882 2943 7832 7079 7869 6685 9443
33 6547 1674 4659 3632 6639 7837 661 4677 6491 7810 527 3621 405 6414 821 6357 930 6337 2102 1265 3309 1117 30 3399 2028 9877 1611 197 1467 7888 5339 3189 20
33 6875 6189 3821 3068 9705 100 583 9128 5799 3073 8831 3077 541 1861 516 214 7552 5824 4902 7887 9352 3078 7030 8315 6791 349 2157 9269 6881 7772 472 3302 6400
35 6735 533 5668 4502 8055 8157 1511 4247 2140 1332 2118 1584 9800 7724 4718 9917 2414 130 5372 6707 6714 2570 7324 650 5216 7765 2965 5242 7896 4670 7974 9591 3994 9476 3857
36 2507 2123 9996 2986 4693 57 2973 1550 6805 6985 7366 15 575 2 6713 4429 6643 7619 2362 2990 4334 9704 6488 7532 9028 6034 2043 1548 6528 9177 5741 4702 7131 3497 5607 1378
22 3654 1198 7370 7098 9866 9378 3841 903 9480 6915 6091 5191 6027 9470 7378 1517 8455 5033 1395 2449 59 5449
34 6228 1757 4071 6410 5049 1866 9680 102 9830 7103 1276 2622 1330 5308 1248 1733 8835 3319 2023 9208 695 8742 8400 4627 9911 2425 4422 8781 5677 7604 4504 1454 7261 9334
33 4733 3445 7692 7690 2275 1862 4792 2352 2141 4285 9171 1048 4879 8296 5187 3961 6283 9498 9701 2803 4398 4342 6100 2222 7012 1103 3151 3423 7803 7184 9032 6715 5410
19 8890 5656 8763 9539 754 6215 5267 8125 7421 8911 4146 4032 7821 1748 9953 1974 5720 6723 7302
32 6913 4020 6206 9806 3697 942 9473 7211 168 1738 2885 529 1963 8539 1266 6205 256 9490 1650 8494 6103 9426 8604 6231 2161 6998 4864 1638 7781 5148 2227 2361
34 2166 3603 9625 3188 6502 2217 6924 8198 342 3584 1800 8502 9292 4394 9832 6068 5611 1612 801 9344 3784 765 3806 5246 7886 9041 2767 7170 9007 9145 6233 9635 5606 7185
31 9965 5282 489 7759 8190 6098 1414 7931 8401 239 3443 74 8093 6743 1724 7177 4263 4575 1743 9855 7852 8709 4765 4513 6209 7084 4564 3687 2255 2409 6828
33 7230 4648 825 6706 950 6188 7915 7493 1309 5014 9657 2375 3038 682 7220 27 6192 319 8725 8841 6826 941 9260 8144 6950 2339 6779 6052 5936 7303 7702 4425 8499
34 768 9347 474 8803 2828 5771 772 147 4200 9319 6120 7922 5240 8143 3139 1224 4101 8695 1450 50 7137 8776 1184 8317 6126 2149 9066 6876 625 4737 2097 8613 9499 7855
32 3294 7557 277 3976 3816 7040 2992 8652 5263 1232 9934 2089 9988 1340 4979 4789 1328 4892 6763 5310 8164 8208 5329 145 2842 958 1329 4288 2259 7831 7350 7349
29 6053 1240 6004 9549 5381 7864 6767 934 6967 9015 6029 7870 4384 6565 5083 4871 676 9375 7817 6660 6097 4791 8186 9008 743 5058 4118 8137 1718
25 8711 5712 9712 7691 2397 8970 9666 6422 8873 2955 536 2542 9844 4253 3909 7439 9893 5800 4660 3769 7517 9331 4273 3080 5407
31 6239 6831 3544 417 7171 853 1745 8629 2952 3314 1771 8693 9228 7631 7587 5042 7637 1856 9368 3511 8051 4454 9173 9562 2458 3192 6310 1906 3684 7100 9203
30 2783 8203 3426 1625 4724 3732 7901 8444 3666 459 2332 5123 3470 2921 924 2232 7550 4919 2506 359 2945 6017 6852 460 110 3283 6007 3098 9555 8069
30 9314 513 511 7398 9394 8945 7245 3753 4499 4607 7502 5525 5715 3967 1165 8034 4954 7292 771 9036 4743 547 4721 6394 2895 8396 5057 1147 6479 6505
30 2056 5654 3605 4630 3036 2585 8801 3993 8766 3267 5464 4270 9554 83 8361 862 5911 1461 9073 5085 4999 8242 4579 8313 139 1846 8714 8541 4484 1242
24 666 6305 846 3326 2320 6659 3233 6816 1509 2632 9612 7907 3639 3678 5943 3306 1617 3385 3801 8066 1890 327 2623 1084
30 2883 497 4661 986 5686 9743 4347 6641 9778 8033 3765 2314 7732 2084 22 4521 7254 186 3948 9240 7774 3960 2647 2985 534 9059 6210 3059 4723 5841
30 2436 734 3281 3051 4115 7877 6237 6012 1595 1873 280 1902 9651 8796 3645 279 2971 2068 2239 1382 6454 891 5922 5015 1148 8592 1161 6257 653 1306
30 7314 2538 6849 9654 4713 7246 3146 8783 8854 3798 5875 8547 6858 9469 782 7605 8129 125 3726 1807 4201 8347 5871 3944 5846 4151 8966 430 9747 5697
29 9550 1363 5218 5746 91 3477 6902 9729 2802 1110 9033 812 1255 7648 1717 5706 4827 2328 6937 6619 7780 2723 9521 5177 4517 2864 7828 1091 5672
28 8784 6424 2512 5955 8686 9992 3615 9912 2455 7085 3939 6025 9101 260 4033 453 4800 3937 5196 7582 4589 6140 9095 1581 5318 7161 7405 6524
30 4455 5721 3692 8728 92 4139 8229 3746 7415 6642 2241 6772 1504 9183 4497 6370 1458 3725 5028 1608 4086 7158 681 834 6553 2080 5458 3787 9391 9088
31 7862 5615 5324 6023 2181 2292 1729 7172 5699 5262 7278 4776 3938 8748 512 7091 3575 909 2950 5145 2562 5722 4738 968 201 1812 2725 274 6701 8044 124
29 7319 6003 7768 2651 2742 5861 4767 1799 8876 6865 7636 7829 8760 2745 3498 9233 118 8733 8697 5725 5288 2925 2195 1506 6943 1295 4251 4324 8046
29 7677 3758 2566 8586 6575 4873 2781 9679 1838 9633 4035 2159 8101 9442 2861 9188 215 1485 468 6646 2621 8570 6166 9162 5560 1488 8352 5068 3871
28 3739 8868 830 3579 1407 9738 5466 3991 3710 6771 3016 2468 1932 52 2837 2565 4106 1463 6590 3831 981 3150 333 7332 6621 1290 9940 1120
31 311 823 1189 5678 8631 4282 9576 5892 9190 6407 1429 2505 2644 6863 9944 7746 3437 2150 6854 9603 1943 8223 8769 3290 8369 2728 3535 8087 7404 6390 7509
28 563 7092 1843 9564 1997 4907 6815 2355 7043 2776 2231 5862 5301 6829 5852 237 9001 6774 9492 9529 3355 8096 3131 9622 3923 3344 2905 5784
25 2060 2696 4826 8379 9617 5182 3403 3065 4711 4125 9629 5701 5880 114 9593 309 87 77 2101 1793 4567 5342 371 6573 9387
28 9869 5887 8642 1384 6698 6649 2442 8915 2335 3583 1804 278 6415 9941 3602 9572 7653 3803 3815 2047 9223 2974 9797 4459 4267 2197 9781 7166
28 3540 6922 1869 2536 9291 2904 1221 9752 1412 4594 6751 1297 8283 5675 3808 11 972 1420 9356 7396 5075 3876 9279 2734 8751 2752 5666 1375
27 1090 6220 8104 7253 6186 1912 4756 3482 9421 5472 7365 8159 5929 9724 2667 9975 2183 5315 5487 4562 6092 5617 3106 6664 9773 571 3380
28 568 1267 5751 4815 6784 2464 6746 1710 4583 9809 2515 5503 6811 8438 4798 3757 1671 4486 6040 4110 8427 2871 5826 7409 2679 9775 7358 452
29 1512 6607 4842 4507 3468 761 8782 5888 7874 9823 6263 7384 3261 5023 3701 6856 2341 3659 8287 2472 1719 8256 5521 3581 4287 1259 7300 504 5916
27 9864 1845 753 1883 7135 4245 8079 1004 9405 6008 8750 6975 5729 5220 2309 9125 3895 3258 4413 6204 974 7660 5924 4993 7485 6351 7204
27 7186 3693 1269 2605 4593 2797 4602 3601 2477 4291 6326 6156 9247 1498 3045 2687 6083 8037 2798 8381 9197 1292 783 1205 4215 566 9312
27 854 7956 5234 8694 1725 8799 3463 2126 3524 9972 2613 8691 4038 4613 6353 3962 7529 1125 8754 3896 619 103 4769 1172 5280 9577 9776
25 4948 211 8786 5967 66 9219 7645 7769 4489 9948 8209 1761 8465 5403 2753 1029 2282 597 2423 6732 6691 4402 8282 5435 3931
27 8792 8588 3398 6402 3675 3966 7234 2079 3424 133 6808 7562 6758 4822 6270 8746 7963 6275 5640 6443 4745 9486 7959 7052 1001 5543 8375
25 376 69 1863 6058 1256 3425 9382 282 2942 596 1827 8312 7761 4234 5528 3499 9812 5252 8829 2701 8404 4448 3255 7593 9956
27 7088 6327 7373 1735 3414 6393 138 607 6921 6708 4105 5981 9709 2109 7260 8660 2636 7443 7694 5905 8680 8234 2656 5233 7126 5964 1658
25 2941 6403 5602 7787 1521 5933 724 5214 1783 5958 7417 2274 586 5297 5155 7910 8026 1782 5796 5781 2022 9193 1141 1164 1174
24 378 2578 300 9127 8956 6580 3877 4944 8932 5792 1493 152 9110 7271 4881 9098 503 555 7096 8015 5022 8043 2371 7251
28 4194 8158 7710 187 9345 266 1480 2180 9543 5995 122 6213 5692 7414 7021 7507 7921 2404 9841 6352 2336 7932 4998 1953 2219 8132 9531 9931
22 1874 2184 5907 338 5486 4834 5219 6738 1711 2856 1578 5231 4912 4809 6697 8457 4229 3529 9494 451 8221 5333
25 4028 3442 502 8445 9557 7255 7808 4003 5838 6908 1937 668 6137 8027 3308 9695 6551 1482 478 3486 8756 4284 2730 2139 868
25 4914 6202 4208 7364 7372 6498 2206 5514 1628 3231 6777 8039 1657 2146 9440 5129 4856 2522 3095 8919 6401 1720 6016 5571 2862
20 8086 719 4965 3451 4685 2771 863 6471 2160 8416 2808 5079 8068 4632 7583 2013 6973 679 1909 7044
26 2026 9042 656 9820 4328 5539 8774 5837 3108 683 3489 6882 8542 907 989 5691 7299 2801 912 4257 3109 2823 8090 1928 936 4374
27 6160 2881 6536 1613 8737 5300 4656 2233 4654 6638 6703 7791 8148 4805 4219 4430 696 7016 4609 866 9692 4498 436 8151 7624 3671 8778
21 6039 8486 8715 4784 7440 9043 2279 7360 2732 9093 7728 2014 6810 8117 4797 6396 1683 9369 8527 3417 8196
24 2999 375 8653 7687 7840 9620 3989 8988 9424 8450 3747 5041 7145 1985 1331 3282 1832 1926 9174 1648 3943 4982 2594 4978
23 6252 8191 1475 493 2910 8477 9052 352 9136 5032 8018 4036 1727 6957 4831 7592 5385 281 7973 5867 4911 3099 1425
27 1228 4536 856 1773 9890 5012 348 2748 9641 2898 6730 5584 4250 219 6608 1687 3191 9584 7777 7885 184 7385 5839 8405 395 296 3275
15 9121 7194 5574 5341 8668 8899 4524 8894 721 4357 1044 6731 5876 1139 6492
27 4494 8458 1794 3090 8614 6119 1215 7434 4104 7614 2174 4690 1008 7543 3756 1989 5984 8390 2340 6343 6841 5397 4976 3715 8517 5364 295
25 7934 8302 6942 5034 9731 7203 9923 1387 4957 5849 275 9962 8844 4407 6234 9678 2201 793 8358 7618 6941 8724 2595 5499 6750
19 2869 8773 7762 3574 7737 2558 1603 3177 2012 1122 5564 4283 7785 6028 9527 7032 675 811 5874
26 208 9846 422 8328 6677 8973 9838 709 3879 9785 90 8883 5052 8772 4096 4055 1171 9342 6728 5667 7514 7073 9239 648 2886 391
26 1908 4511 284 7889 1864 2967 7764 9283 8951 4443 3130 4007 8177 4400 6778 7018 6658 1964 5290 3226 6144 8130 4236 8683 9782 9309
23 4973 4090 2686 6663 5663 843 4213 1981 7860 4770 2351 1516 6277 6682 8513 7082 861 1739 5239 7484 9214 4926 710
24 8102 6293 1311 444 7628 98 6566 3648 4591 3 5906 3351 2256 2932 785 434 7225 9280 2643 9656 6827 2389 6933 9637
17 2384 3072 3893 543 1237 3089 9725 6549 1068 9094 1351 1585 4097 2059 1128 2494 6919
23 6381 7438 1100 7477 9751 5743 1942 1967 1872 4921 4828 6737 8872 5733 6369 2708 42 2749 5752 3250 9210 3804 1360
22 8167 6903 730 7903 1415 8407 5210 2831 5522 4336 4775 37 94 9491 115 2707 7336 9266 9271 4303 5894 480
23 1111 3176 9255 8021 1271 7701 2568 7770 3228 8938 9237 3406 1182 9907 2700 9688 4290 6236 5595 466 7029 8552 8877
26 5717 6740 549 4228 3029 146 5816 3925 2539 2899 2957 7508 6593 6980 2484 3874 5863 413 1600 386 469 9793 5630 9616 7089 9350
23 6076 1968 6526 1723 7984 4782 9980 9023 4441 1502 608 8646 9565 4306 2168 8436 1361 8858 2962 6088 5095 4339 1452
24 8155 5516 7494 8747 9182 4869 4196 3466 9000 9734 5453 5619 5194 2800 6835 7470 4974 2001 4126 4620 2301 4295 5157 5788
23 2112 4657 9452 2107 9038 4821 572 9288 6734 6061 3082 9991 9242 2743 3183 9218 4610 5170 9438 8863 522 6624 3626
22 7196 8040 1500 6984 833 7341 4279 6716 3550 889 7006 1596 7099 8983 4508 5772 5429 8320 3094 7315 4578 1982
21 9140 4017 9819 9761 649 7226 475 7077 6601 1217 6292 2051 6235 9315 2533 9518 4183 185 5657 8336 3863
21 6430 7884 9952 713 9645 199 6268 9335 2552 3342 2086 3473 5186 6286 4083 2555 3677 3998 9674 4771 6991
25 726 6645 7114 9037 8848 893 9847 1245 5700 9225 8779 4098 1857 5228 551 2489 5153 3165 4463 6107 7719 3505 265 5538 4023
18 7346 196 6021 6261 2129 8550 6648 8415 6483 7547 261 7646 6421 5096 2631 598 5778 4269
21 5649 7994 4088 2377 5433 949 9263 9355 9333 9299 2834 7858 1960 8764 6130 9873 2120 1398 3892 5474 1374
22 6244 462 5193 8640 4605 7666 5583 326 1999 7879 7072 5427 8496 7895 7560 6055 3981 4460 5625 525 1576 2321
21 6101 6141 5287 9303 8816 3490 9482 7282 7665 3796 3361 6636 2574 5420 3100 4009 3243 8 6847 5676 6487
22 1323 1627 6132 2006 1833 3640 5709 5188 1057 5835 4786 2584 7674 6726 1389 2721 1618 4611 8626 5142 5011 9396
22 4704 1565 1406 4537 6013 8277 5243 8616 4491 7179 8220 1477 931 3392 7354 6386 238 7991 1990 2469 7946 5718
22 3629 7134 7846 8585 4111 9574 1264 3717 3924 5614 8963 7331 9634 9155 8655 7644 7717 6948 3318 4079 1093 1173
24 210 8566 2036 29 6248 6218 3377 7857 9278 7958 4880 2947 8749 5199 5102 5739 6428 4132 5767 420 4626 6315 7202 8582
21 3655 921 2675 2207 4113 7843 8682 7999 5779 1471 1203 5963 8852 6531 9006 5740 2437 1820 5797 2638 5896
21 8758 9071 9464 2577 9151 2082 2648 5291 3999 732 6033 7848 9835 1162 4621 8045 5759 6373 1390 1698 7183
19 5576 8529 9002 5208 6625 6873 2153 8817 4278 7856 1742 6267 2860 7454 3864 1544 7087 6177 9970
22 7020 156 3735 3721 708 6255 1852 6741 3262 4163 2093 4710 5303 4708 5447 3587 6673 9961 4165 13 108 3378
19 9619 3030 5332 3119 9191 5748 6398 3593 1065 4409 8366 517 4934 1025 9437 9384 3408 4554 1403
23 5970 9503 6399 380 1369 9276 645 6821 6413 1756 537 4651 3467 490 5527 99 7734 9221 1445 6990 7540 5002 1732
23 3409 5868 2695 1346 2385 9156 2261 1693 6961 2714 6803 5092 9400 8593 1988 3764 5755 5349 8041 8860 4680 9898 7168
23 5295 8962 9090 9286 4302 7712 9272 7180 7312 1460 5632 6081 546 8584 8399 5039 4464 9683 8460 3405 3039 5978 1150
19 6222 5426 1930 5417 9264 3811 5101 5292 2419 7222 4299 7003 7279 3660 5789 8765 2349 5918 5884
20 5087 2673 2105 7654 6451 9886 1314 2254 4529 2306 2295 3777 1675 5770 7880 5462 593 8880 2019 5512
23 1777 3066 718 3122 4981 982 3317 9566 9194 8842 4137 5133 9728 1405 9900 9064 3062 6788 8676 2226 2847 1701 5817
20 553 849 2366 8420 1324 1871 8903 9879 3915 9872 7875 7695 8706 4312 314 6070 8409 1318 3902 6533
22 4207 7709 5628 3531 5237 9631 8300 2634 2116 1338 4851 4371 7411 2532 9302 3661 8974 1859 6661 4506 5508 7219
21 7816 4387 9341 6201 8551 2230 9874 699 2901 6478 9575 9108 9122 9516 1183 7801 8141 7310 6981 1261 8036
22 1010 3167 3557 7174 4807 8864 7004 4426 2348 786 4359 387 1885 7797 9553 628 9415 5928 6968 7136 1249 5775
9 2418 6240 5965 8944 4963 5750 3447 9638 1740
19 6912 4355 2327 7876 3174 1913 3007 1235 9706 6336 9571 8969 7944 1231 7345 5109 6760 3356 7437
21 9138 9477 7224 3775 5143 1081 2319 4372 2713 2580 6385 3372 6429 426 2863 8380 5893 5623 3488 7054 5926
20 9561 8412 164 4652 9671 6927 7629 3657 1451 484 3846 4322 4514 2503 2779 4134 5494 8554 9399 840
16 4467 951 365 4658 612 7276 7730 1368 4533 46 8050 574 6175 5436 9389 3229
20 1835 9011 550 2467 9187 5045 6558 7298 7322 1941 2085 7060 9892 6109 5786 595 9596 778 2249 3322
21 4255 4475 6172 9497 5425 6864 8259 4884 9570 6149 2633 2859 4853 4975 5577 3653 6411 3641 4 7725 1089
21 5934 6965 1422 5359 6538 8768 8193 7793 2401 283 878 7047 6604 4368 9502 344 1268 416 9365 1570 888
19 3778 2426 9273 7381 4224 458 9330 2417 7333 5483 9777 9780 3011 2569 1476 2347 4697 9131 2909
20 1040 6133 435 9364 9192 3845 720 4093 2033 9268 1531 6798 2471 2496 7258 5703 2612 7244 5935 7252
20 7555 7512 6752 2663 7912 6722 2501 6940 9077 9244 3649 1130 3075 308 5469 294 8452 2064 3595 5760
21 8323 6537 7693 3790 1752 674 409 2959 1907 4988 800 3085 4582 9085 6449 7841 2034 8114 6086 5363 9488
18 1206 6630 4532 5172 7847 1281 202 659 2081 814 9161 5100 8579 1362 6696 1238 8839 8777
22 5285 212 6618 2480 9485 7794 9508 8590 2017 9018 2756 4565 4076 7500 8867 7995 9767 3019 2372 51 1202 44
22 2015 633 9313 8187 6379 2737 8952 6983 5704 5872 3714 178 3247 4638 8537 6183 5550 4199 1661 1614 5696 5524
19 3147 9845 4495 1700 3052 1955 8583 2875 5882 7998 2058 334 3982 4254 3720 9423 9431 9351 1185
20 3138 957 8464 1430 6729 1211 3947 3970 7807 1629 2712 2263 2918 3004 8172 1166 4265 5117 9700 7173
19 5920 1160 4788 7916 4066 9784 5541 4989 714 2903 9662 6276 2392 7544 2545 3240 1274 8126 1837
21 6409 4673 9744 9817 8595 4141 5941 1436 1352 3532 2040 3979 9285 5321 2344 7132 4692 7642 5122 6955 1230
19 4586 1002 3773 3974 8285 5120 4777 1233 1790 1075 8408 1308 4169 7027 2827 4010 9056 2421 9215
19 5409 6877 7048 5405 2537 6605 2596 1163 8498 3763 9863 8476 5236 8478 1616 171 163 3662 5438
18 9505 7457 8072 4099 8094 9395 2345 7466 1175 6077 6174 9428 4061 5833 5207 7718 7758 1191
20 9495 1326 1970 9702 354 6474 9167 5537 4356 8516 6094 6951 2994 8500 1296 4333 2683 9129 5790 3713
18 9199 7019 691 9487 3802 970 2504 5878 6376 467 882 7786 9040 5492 3718 6151 7533 5857
19 4450 4205 7558 4953 5393 4549 8314 7086 4370 9113 9235 414 988 6468 8385 855 2976 4218 1107
16 8965 2291 8510 2762 9630 3847 9163 227 6506 5546 4226 6318 5392 140 8556 955
18 3990 2981 3779 5161 9987 6059 6442 126 7960 2832 4131 5805 2685 7423 8180 3305 8927 1157
21 1560 9289 6340 1755 3904 7647 9284 1392 2653 9079 2104 9367 5139 7106 8017 3600 8482 5930 8299 9467 8925
21 9402 4078 7162 7988 7448 8615 9209 3686 5031 5655 4164 6284 6180 7492 8495 341 1287 6176 1641 1343 5629
17 9563 4063 6541 6969 7064 4136 6042 3547 1457 8475 2524 777 6447 9189 7530 2133 9374
18 3311 5465 4872 9046 2969 8214 9103 1672 969 567 2466 345 28 3766 3015 7591 6388 7175
19 1113 2008 3325 902 5809 7401 315 3754 7286 4289 1945 286 7462 1954 4182 5581 1383 6158 5501
17 6473 8996 1660 918 2989 7009 1393 7167 5680 9479 1566 287 6653 2027 8322 3455 5791
18 2706 8892 3393 6571 580 2916 1050 8650 5804 4964 6838 7664 1440 1490 4859 4904 9791 1086
18 3833 5241 3530 8485 2078 8548 4686 9801 7638 2761 1946 8771 9957 7388 4375 9818 1526 5848
18 4913 2110 6634 3092 1587 2248 3101 7735 96 4625 8052 7262 2575 7386 3304 2879 8424 1226
15 8290 6031 9082 1604 8316 4477 1737 1167 3634 8810 6049 1435 36 1624 5647
18 5711 9737 1697 5885 9640 4256 5870 877 505 7461 1656 2266 3102 6211 255 8755 1760 5865
17 4836 8940 3050 2402 7267 7630 6203 542 235 3918 5450 9772 885 16 2182 5354 144
15 4717 5250 3493 4623 6064 4397 339 1571 5217 7853 3234 1074 2929 1095 1825
18 9109 6647 1142 7010 6367 1078 8291 8909 9828 5038 7872 1124 7240 2553 5845 8658 7268 7201
17 2297 4615 7823 6128 7394 9963 817 5452 6459 5648 4294 8264 1155 2692 6958 5202 60
15 8902 8878 428 2016 7007 8937 8721 4480 2739 5056 2727 9745 3591 8523 5415
18 2551 5437 3453 4689 4628 9179 6378 9867 3813 4915 3194 9293 2054 2624 7095 8623 1865 1801
19 4481 3334 6523 5279 8266 1639 2323 5116 8992 7130 2229 999 45 2460 9010 7863 6294 9417 4296
18 7097 7191 1944 9433 5386 5976 5167 1876 5132 1444 9592 1112 9051 1588 755 9220 421 5476
15 8023 2234 254 4406 7274 4734 6043 2350 5428 6510 3419 3441 5773 6545 7667
13 9349 6066 5708 2948 7871 1448 6949 1468 5736 3206 8526 6595 1577
9 1192 2796 5135 745 1214 7806 5215 1894 1115
18 6884 7535 8840 415 1443 473 3049 8293 7790 9583 2215 4114 9984 8142 8110 6354 3464 4277
9 7468 8067 6945 8354 8931 1927 7416 2772 5588
19 4863 6173 7309 5782 1734 8007 5366 3667 2025 3345 4016 3768 4616 9318 6588 5787 2277 6612 5855
17 3394 4664 6550 5829 6020 3114 8135 4449 2997 5529 2435 1957 3186 2855 6384 7979 9766
15 2893 3149 9681 9457 2682 5005 8673 1535 9762 829 9373 9958 2342 8893 8802
15 9031 1564 3199 3785 8843 7551 6380 2380 1241 5206 2970 3376 6555 5118 3081
18 6279 7456 5998 8179 8918 4159 7661 5268 2741 5105 509 614 7317 7165 1522 7722 4142 2659
16 6484 2809 2167 2731 9410 6897 2299 3888 9665 8853 6516 3597 134 8165 5024 7264
15 2240 8520 4705 5698 6181 7741 1302 9337 7897 4168 5986 9057 3214 1347 9811
7 8227 2290 7736 1786 4701 6230 9461
18 5377 141 6121 2982 6672 6989 3307 120 518 2303 330 7866 5258 1073 3485 3180 1195 1212
18 3651 4666 3669 9362 3054 987 1199 2042 6953 2778 2991 3155 3013 1811 3046 447 6229 9354
17 6966 6633 7561 2220 8573 8426 7392 8181 5314 7729 9353 6668 9105 6759 2608 1579 7820
16 5245 76 876 9789 293 7802 839 670 5992 1317 33 9157 8082 2475 7597 998
18 6198 7686 507 1553 9481 2270 7513 9159 9039 34 5810 2826 3142 1126 5247 3448 7577 7391
16 8506 2928 8263 9205 8991 7987 3136 2841 4389 5925 8904 2331 8097 3198 4994 8507
16 2907 5070 4924 8798 1668 2236 5694 7187 1649 1762 5378 8058 8295 3113 6978 4157
17 1803 1568 65 8343 6963 1396 4560 1770 4386 4576 4715 8846 3551 5121 3690 3558 9759
15 799 8257 4825 1791 6620 3395 2535 4527 8388 9535 4995 4149 2689 2155 5873
18 9735 4709 9065 2324 2525 5690 290 7212 5107 5004 8651 564 6954 1036 8522 9413 3837 5504
17 7941 1046 6596 1282 5184 1741 9718 1310 3599 1556 363 2534 6979 1484 6464 2666 1829
17 2867 8194 355 353 425 4060 3263 8258 2364 8875 1028 7419 2005 5203 8202 9661 632
16 1176 1251 6078 1424 3865 5959 7273 5099 6346 113 7607 6391 9358 6482 6931 5547
15 3205 6562 1689 402 456 5622 1591 1388 9230 8393 6432 5946 5644 4311 5434
14 7013 8413 4947 887 2850 1679 7966 3096 1759 3171 6611 4971 3132 4865
18 8207 1102 6582 1013 7066 7830 7503 7149 2447 7425 5670 167 6787 7584 1824 9669 9558 1301
15 4048 1655 3159 223 1169 9143 1520 4453 9017 6617 752 4945 7426 1987 6675
16 9030 6041 6125 601 9112 979 4858 5154 6709 8689 8743 2978 3449 1486 5811 1680
17 9815 7609 4365 8009 2119 3121 3553 4362 5081 340 2915 3242 2443 932 424 9439 4841
15 1364 8806 1453 8237 9556 808 4655 9594 7754 1753 4997 5897 3301 9676 2032
15 8028 990 1047 8761 9652 6802 4001 3374 3018 2518 7031 75 2987 1149 1823
12 6879 2284 1181 6006 8241 6472 8757 5612 5316 3023 82 9250
14 4353 7380 2244 1394 7397 1508 7796 4053 4030 1334 4367 898 78 1350
18 9613 780 3826 3475 5540 2979 1597 9458 2780 3137 1787 2716 640 5126 7669 6249 9977 1540
10 7804 8231 5793 7798 6525 2422 2083 1983 1764 5850
10 7444 3428 6929 3955 6157 6594 9307 944 2922 7133
17 2061 8739 4404 5064 7193 5689 9939 3266 9447 6038 5945 1413 8240 1572 3642 2819 7395
15 6657 5847 1949 3867 4423 2048 4746 5807 1934 1933 4928 8580 911 8508 5467
18 5400 4877 5491 8953 5579 6513 9357 67 116 9858 1904 4516 6860 3390 7978 1788 1510 2090
16 2523 494 9513 7000 8610 1779 6824 8432 5336 4202 8472 3071 7800 411 4401 913
15 3430 4072 5756 1518 2198 4221 8512 1432 6683 1606 8729 8286 7359 8083 9448
16 9238 5201 2444 9118 8492 1154 3404 3736 6408 5823 8205 1877 738 4364 4678 4531
13 3362 4940 965 9821 3213 6134 7139 3832 8608 2870 7337 4210 1619
15 4068 2382 916 4232 4595 6736 6820 569 2242 7328 111 6481 1056 9326 2563
17 1634 6670 313 9180 5710 382 8821 1168 1640 369 7634 6892 9998 654 4570 3359 9522
14 5662 6946 7891 3117 1702 6359 1239 9758 6962 9660 2583 8218 6782 9850
14 2415 7882 9270 4764 9175 8016 9598 9946 2087 1096 4427 3719 1092 1677
15 6247 6426 7763 477 6756 847 8687 9453 8418 1754 3567 7121 3387 5485 5408
16 1721 3220 3044 4119 5913 8933 3501 9050 5114 8600 4647 4754 2194 5912 2069 9380
14 9478 2556 3783 2835 8440 2451 6681 7651 6372 8014 860 2354 2144 6676
14 8505 9836 9246 7668 6312 8662 5484 9989 9908 101 3248 298 1225 1547
10 2751 8493 2052 8010 4262 1321 3268 5831 488 1758
15 8239 7490 9779 3476 6331 7455 5313 1253 7033 5357 6281 1262 441 5551 231
15 2074 2216 4772 3625 3271 7250 4198 337 7743 5338 9455 804 6035 3911 1704
11 7464 3750 2611 9582 2440 5185 2946 3031 3407 1327 325
14 5500 6662 7355 2209 3818 1775 8288 6891 1712 6460 6065 7954 1507 980
7 7325 5384 450 959 9154 9827 6417
15 9586 6333 461 8609 8421 6977 5582 5106 9904 7523 2672 8391 2592 9552 7283
15 9463 4249 2548 9790 5495 6925 5724 1917 875 2057 3917 2433 4785 4479 764
14 5994 2954 2439 7633 4388 5166 6938 6928 8307 6435 6217 756 393 9876
13 8035 7379 3338 9930 996 2587 7387 6117 1802 7297 1487 6795 1848
11 6321 3776 4850 9435 3365 8536 2811 1187 4967 2310 1377
15 2652 2338 8731 6848 2722 8601 8720 634 9742 8914 8270 6627 4752 1085 7181
13 5306 3181 2754 7626 6262 2852 4505 6106 9807 6147 9580 8641 9198
15 7109 377 9920 7446 7205 8161 929 3953 9964 9500 6224 3452 289 5505 1137
14 8395 1676 5557 1252 1051 8339 9896 1243 3187 5327 1026 9814 7051 9454
14 9158 5017 7811 4937 4029 9130 5352 5036 5097 6427 8387 5570 4069 1359
13 7347 4990 9512 3221 1690 9081 5298 727 2844 5401 6445 7441 8684
11 8670 1307 2557 4845 6866 6688 528 3280 8417 556 7348
15 6208 8667 7150 9054 6420 5559 3782 9460 346 5019 8224 9147 205 8837 1575
13 3469 7342 9397 7867 2765 8294 2473 7675 6146 7563 6335 7898 49
14 3566 2171 2790 6165 6085 4852 3429 2931 6557 1358 7892 5834 6999 1691
11 3608 8246 481 1539 1853 2792 6720 8281 1007 8888 3431
12 1433 6503 3454 4395 5016 8812 7291 844 1847 6576 1659 5555
13 3708 4128 7682 7627 305 106 4547 7488 9170 4403 3835 2795 7335
15 7119 9897 3740 4147 6512 209 3154 4899 3680 1806 347 3303 6005 8891 9206
14 4938 1299 8447 5603 3537 10 3496 9062 3506 9379 9653 1014 3609 7189
13 852 161 6874 9441 8922 5496 6313 8836 3465 6830 2550 5836 4662
14 6825 3104 1831 9070 252 1098 2111 356 2333 7970 2872 2629 5633 1153
15 2132 1005 47 8373 5008 1218 8127 9945 6232 3598 915 5115 538 1156 6439
14 5764 3510 2935 2470 7933 1921 3738 2428 7942 3300 8734 3728 5637 8468
9 5991 8819 1766 964 317 652 471 6792 9536
13 908 7929 482 2498 4985 3323 1298 919 8741 4447 7518 2289 1694
11 3381 5858 8987 1499 2744 4340 8828 6535 1462 5900 7192
14 39 1685 4150 4645 9298 2311 4932 5482 3034 850 3700 7427 8808 1881
13 5001 2315 4154 4121 760 105 127 6790 3481 9697 4991 1380 5859
14 7799 8272 93 498 3905 3704 9236 7340 6812 9699 5737 559 9117 8138
15 2937 8073 3169 3396 1537 6164 7403 8335 3900 3592 7672 1895 2258 26 479
13 3986 1024 8020 2702 4326 5136 3209 9324 2877 4956 9787 6154 4271
12 5794 1914 3910 4539 4503 4472 2500 3906 3235 269 6112 1213
13 881 8038 4720 7344 8247 8115 5430 8752 3980 4272 9664 8704 1731
14 5457 6480 4496 744 2431 1474 880 7491 8456 191 787 1849 2858 8443
15 864 5971 7078 7334 4758 5674 4608 4603 8011 7247 4176 9493 1654 5889 5545
9 3729 8665 9422 5066 5917 5754 8663 9756 7214
6 2718 9798 673 291 4510 5753
13 7080 4939 5730 1746 510 9839 6554 6972 1219 8095 1772 7242 9005
12 6850 3512 5158 967 2413 9275 9607 9755 6014 8581 9404 6494
15 8184 6200 7065 8785 4906 2374 1541 3590 6344 3996 2966 3563 3273 8411 562
13 7102 5380 2115 6563 9089 8954 9822 5830 2517 8487 5257 2196 6011
13 448 7316 5815 680 2264 1409 3752 4461 2849 9587 8790 2136 1456
16 6529 4854 6762 150 4832 3487 3748 7351 217 9524 1749 1797 1969 3853 4735 6918
12 6907 35 4087 8334 6324 1707 3215 8032 8845 6577 5687 2677
12 8767 9026 1879 8233 9053 5993 3822 1059 1144 4977 9119 3069
6 8967 7659 324 8451 8862 2170
9 1146 4824 8514 153 4668 6118 4261 722 8301
9 9925 1423 4351 7452 2262 1397 8197 1341 1258
8 2176 3774 6578 4380 8483 3844 7152 8654
8 2782 1319 9232 2381 8805 2091 4252 5819
10 3722 8063 1551 7927 4244 1854 9021 4082 7408 7182
7 9249 7521 7919 6684 8249 4751 1300
13 320 4366 5222 5827 9092 4089 6178 17 3074 8619 7295 9507 8594
12 8534 4209 6674 6932 8549 8353 2514 2763 7413 5098 4281 6650
8 7716 9366 5660 5053 4551 7697 188 7410
14 3952 8182 216 272 1466 883 3022 4238 1283 2703 4162 3898 6465 8120
12 4819 6832 935 183 2602 7699 3881 5785 822 6914 5463 5461
12 2121 4274 3534 2247 9060 8471 5763 8064 6543 2011 651 7836
11 947 6898 8624 3360 6264 9933 5747 1049 3434 5470 5758
11 1186 1041 1860 2407 3968 8325 9979 2995 5634 2698 2251
11 8150 8620 1768 6054 8459 2483 4431 9861 736 8162 3850
12 3685 4636 5238 4857 6169 4569 6886 6406 9659 4768 6895 7241
12 9321 4024 2715 397 6297 9647 4166 2726 6037 5431 6616 5423
11 2599 2330 8917 6883 8643 2567 3935 189 9986 3959 1708
7 4411 1814 5932 8341 8006 5138 7111
10 8298 4352 7926 1260 1236 3759 5345 5322 8718 5731
12 5684 6062 8820 4204 4092 4762 7727 9973 9624 360 5072 557
5 2589 7227 362 9615 9398
13 1177 2717 9376 5054 561 6131 6727 647 7658 8849 5949 3702 1594
11 9160 6597 3992 7285 7420 2690 8732 470 4808 6819 5840
14 1194 9100 457 8830 6161 4635 7749 5181 5156 2063 3143 4240 7767 9099
14 6745 4344 1524 2000 7757 8745 8705 9363 6887 5509 2204 1129 7753 4795
10 5954 1529 2360 1918 8065 9949 5820 1280 7744 9211
8 8188 499 7046 6823 7930 6046 5664 5439
10 194 7296 1747 3116 6947 5104 6899 9338 257 5460
10 582 3699 5520 1033 904 7945 7706 9966 1919 4122
9 7575 1325 7062 9919 9903 9542 4862 5776 616
12 6197 2729 5394 6251 7923 1769 9047 4468 3681 8538 2049 729
11 8950 2805 8160 1889 7352 2572 6303 9826 3742 9253 7228
10 8326 9072 2246 5908 3060 8525 9148 4000 4337 6700
10 6548 7707 694 698 4722 2630 4612 259 3703 1663
10 7650 938 5904 1688 9833 2302 351 1 6214 1642
11 3578 4744 7663 3173 7588 1342 5590 2911 3942 3327 2615
7 9763 6325 9713 2050 129 579 5459
10 4520 1042 1781 9621 6363 5146 3001 4753 9465 1410
10 3222 5340 686 4123 9445 5732 8206 1703 3256 1204
11 1105 9152 4345 4675 2154 5088 1915 427 1925 9895 1304
10 873 9804 2178 6755 8936 2527 7520 2127 5683 5877
11 9449 6699 5626 5844 7622 3805 895 5151 6773 4672 5147
6 5983 5475 6936 2131 4925 5446
11 5679 3278 173 7101 2668 4280 5572 5980 1180 4320 5616
11 5021 4058 9649 3210 6680 4144 1818 1991 9301 4492 9069
10 9810 7014 7164 487 2018 3852 1899 4952 592 5828
10 2710 6102 43 7248 6056 1765 3548 5489 4844 1088
10 3433 688 3940 3919 515 5761 9689 312 4820 4005
3 8071 3179 3890
9 8173 3193 8857 4073 5 9124 2747 9484 2038
9 2021 230 2285 1538 3118 8355 5178 8061 4936
9 2670 3292 4712 6243 8886 6108 7478 6145 437
11 7579 7143 6602 8431 442 4012 288 9741 3676 1936 5895
10 9474 9658 8564 7498 5610 6511 9843 2894 8701 5493
4 306 6725 7720 9178
8 5371 9899 6142 2378 5346 1586 1277 8980
11 2857 7176 622 6009 1320 5801 8469 3868 8998 7436 1699
11 2649 5658 1431 871 9687 767 9708 4172 8389 5883 107
8 8189 2412 1836 8678 40 9257 9764 1622
9 4698 7546 6389 2462 717 3296 323 3903 131
10 6910 1132 7277 4482 3219 539 3343 7068 1322 6872
9 9436 2128 9102 4748 3472 2405 2933 4212 7235
11 867 4405 624 2913 4835 5383 9856 8657 1077 2454 1367
8 3321 6793 1979 5379 8702 9501 6769 5842
8 1023 2769 1071 3519 2192 329 5825 8232
9 1513 6387 5650 6572 80 8565 1536 8561 1356
11 5593 4624 8099 2777 4335 1034 1464 4572 4174 5373 5544
2 9927 831
8 933 1037 8851 2485 5580 8999 3265 9339
9 9462 3949 874 9578 7265 2088 5506 1623 5549
8 3647 2173 2037 8004 5229 5320 9644 1636
8 3358 5530 5171 558 5223 9883 5812 1722
10 137 5124 2684 4074 3794 4235 2283 3312 1087 2185
9 3216 4314 4584 7635 2092 2186 3227 631 1285
9 8546 7662 4942 6974 1119 8056 7850 4230 1118
7 7383 3006 5396 604 2125 6911 5542
9 4493 3731 7962 2694 5639 4148 985 4412 3507
9 6567 742 8437 5532 2406 5621 7859 1333 7390
9 5317 6155 8284 5350 3293 6287 8107 5325 1131
10 643 4561 1709 285 3354 6309 2071 6256 21 7239
4 9459 5284 977 1751
10 636 9229 928 7504 9456 7094 8153 2637 6509 7460
9 5391 4840 3973 2676 2004 6501 1481 4275 1645
10 2031 6462 8995 5479 905 1590 9978 6301 3298 9967
10 774 4802 816 4730 1519 7902 2003 8473 2298 7311
8 1208 5382 5481 7782 7497 576 1216 204
9 7610 7501 2740 4107 9534 3091 9076 4898 1574
4 310 8935 8946 1682
11 9636 7679 991 4258 1839 1525 3502 440 1882 605 9227
10 5962 408 2760 3439 8170 2546 2370 7788 7844 2617
12 9392 6475 6669 8410 267 7479 6880 3810 8356 6306 2693 5575
8 3291 249 1561 4727 8248 1893 9509 5891
9 5134 9929 2156 1816 2478 9862 1354 1705 7307
10 9985 4992 2645 1715 2416 1819 8598 31 262 1858
9 1842 2122 870 3368 4639 1975 4763 3809 7374
7 1143 7924 9083 5898 1303 8397 1730
9195306
